28.05.2025 13-14-35 INFO autoreload Watching for file changes with StatReloader
28.05.2025 13-14-45 INFO basehttp "GET /news/create/ HTTP/1.1" 200 7610
28.05.2025 13-14-52 INFO basehttp "POST /news/create/ HTTP/1.1" 302 0
28.05.2025 13-14-52 INFO basehttp "GET /news/ HTTP/1.1" 200 10611
28.05.2025 13-15-37 WARNING log Not Found: /news/986
28.05.2025 13-15-37 WARNING basehttp "GET /news/986 HTTP/1.1" 404 179
28.05.2025 13-15-53 WARNING log Not Found: /news/fse
28.05.2025 13-15-53 WARNING basehttp "GET /news/fse HTTP/1.1" 404 179
28.05.2025 13-15-57 WARNING log Not Found: /news/fse/
28.05.2025 13-15-57 WARNING basehttp "GET /news/fse/ HTTP/1.1" 404 179
28.05.2025 13-16-02 INFO basehttp "GET /news/ HTTP/1.1" 200 10611
28.05.2025 13-16-33 INFO basehttp "GET /news/create/ HTTP/1.1" 200 7610
28.05.2025 13-16-45 INFO basehttp "POST /news/create/ HTTP/1.1" 200 7766
28.05.2025 13-17-03 INFO basehttp "POST /news/create/ HTTP/1.1" 302 0
28.05.2025 13-17-03 INFO basehttp "GET /news/ HTTP/1.1" 200 10534
28.05.2025 13-18-07 INFO basehttp "GET /news/create/ HTTP/1.1" 200 7610
28.05.2025 13-18-12 INFO basehttp "POST /news/create/ HTTP/1.1" 302 0
28.05.2025 13-18-12 INFO basehttp "GET /news/ HTTP/1.1" 200 10435
28.05.2025 13-18-17 INFO basehttp "GET /news/create/ HTTP/1.1" 200 7610
28.05.2025 13-18-28 INFO basehttp "POST /news/create/ HTTP/1.1" 302 0
28.05.2025 13-18-28 INFO basehttp "GET /news/ HTTP/1.1" 200 10404
28.05.2025 13-18-37 INFO basehttp "GET /news/create/ HTTP/1.1" 200 7610
28.05.2025 13-18-46 INFO basehttp "POST /news/create/ HTTP/1.1" 302 0
28.05.2025 13-18-46 INFO basehttp "GET /news/ HTTP/1.1" 200 10317
28.05.2025 13-18-51 INFO basehttp "GET /news/create/ HTTP/1.1" 200 7610
28.05.2025 13-19-00 INFO basehttp "POST /news/create/ HTTP/1.1" 302 0
28.05.2025 13-19-00 INFO basehttp "GET /news/ HTTP/1.1" 200 10209
28.05.2025 13-20-54 INFO autoreload C:\Users\user\PycharmProjects\pythonProject3_12\DZ\project_34\news\signals.py changed, reloading.
28.05.2025 13-20-57 INFO autoreload Watching for file changes with StatReloader
28.05.2025 13-21-00 INFO basehttp "GET /news/create/ HTTP/1.1" 200 7610
28.05.2025 13-21-11 INFO basehttp "POST /news/create/ HTTP/1.1" 302 0
28.05.2025 13-21-12 INFO basehttp "GET /news/ HTTP/1.1" 200 10153
28.05.2025 13-21-25 INFO basehttp "GET /news/create/ HTTP/1.1" 200 7610
28.05.2025 13-21-33 INFO basehttp "POST /news/create/ HTTP/1.1" 302 0
28.05.2025 13-21-33 INFO basehttp "GET /news/ HTTP/1.1" 200 10120
28.05.2025 13-21-39 INFO basehttp "GET /news/create/ HTTP/1.1" 200 7610
28.05.2025 13-21-49 INFO basehttp "POST /news/create/ HTTP/1.1" 302 0
28.05.2025 13-21-49 INFO basehttp "GET /news/ HTTP/1.1" 200 10133
28.05.2025 13-21-57 INFO basehttp "GET /news/create/ HTTP/1.1" 200 7610
28.05.2025 13-22-06 ERROR basehttp "POST /news/create/ HTTP/1.1" 500 145
28.05.2025 13-26-18 INFO autoreload Watching for file changes with StatReloader
28.05.2025 13-26-18 INFO basehttp "GET /news/ HTTP/1.1" 200 10158
28.05.2025 13-27-18 INFO basehttp "GET /news/create/ HTTP/1.1" 200 7610
28.05.2025 13-27-57 INFO autoreload C:\Users\user\PycharmProjects\pythonProject3_12\DZ\project_34\news\signals.py changed, reloading.
28.05.2025 13-27-59 INFO autoreload Watching for file changes with StatReloader
28.05.2025 13-28-02 INFO basehttp "POST /news/create/ HTTP/1.1" 302 0
28.05.2025 13-28-02 INFO basehttp "GET /news/ HTTP/1.1" 200 10259
28.05.2025 13-30-59 INFO autoreload C:\Users\user\PycharmProjects\pythonProject3_12\DZ\project_34\project\settings.py changed, reloading.
28.05.2025 13-31-02 INFO autoreload Watching for file changes with StatReloader
28.05.2025 13-47-01 INFO autoreload C:\Users\user\PycharmProjects\pythonProject3_12\DZ\project_34\project\settings.py changed, reloading.
28.05.2025 13-47-03 INFO autoreload Watching for file changes with StatReloader
28.05.2025 13-47-12 INFO autoreload C:\Users\user\PycharmProjects\pythonProject3_12\DZ\project_34\project\settings.py changed, reloading.
28.05.2025 13-47-14 INFO autoreload Watching for file changes with StatReloader
28.05.2025 13-49-40 INFO autoreload C:\Users\user\PycharmProjects\pythonProject3_12\DZ\project_34\project\settings.py changed, reloading.
28.05.2025 13-49-43 = INFO = autoreload = Watching for file changes with StatReloader
28.05.2025 13-50-17 = INFO = basehttp = "GET /news/create/ HTTP/1.1" 200 7610
28.05.2025 13-50-27 = INFO = basehttp = "POST /news/create/ HTTP/1.1" 302 0
28.05.2025 13-50-27 = INFO = basehttp = "GET /news/ HTTP/1.1" 200 10271
28.05.2025 13-52-08 = INFO = autoreload = C:\Users\user\PycharmProjects\pythonProject3_12\DZ\project_34\news\signals.py changed, reloading.
28.05.2025 13-52-11 = INFO = autoreload = Watching for file changes with StatReloader
28.05.2025 13-52-14 = INFO = basehttp = "GET /news/create/ HTTP/1.1" 200 7610
28.05.2025 13-52-27 = ERROR = basehttp = "POST /news/create/ HTTP/1.1" 500 145
28.05.2025 .. 14-09-07 = INFO = autoreload = Watching for file changes with StatReloader
28.05.2025 .. 14-09-24 = INFO = basehttp = "GET /news/ HTTP/1.1" 200 10271
28.05.2025 .. 14-11-11 = INFO = autoreload = C:\Users\user\PycharmProjects\pythonProject3_12\DZ\project_34\project\settings.py changed, reloading.
2025-05-28 14:11:14,477 = INFO = autoreload = Watching for file changes with StatReloader
2025-05-28 14:11:22,505 = INFO = basehttp = "GET /news/110 HTTP/1.1" 200 6204
2025-05-28 14:12:55,819 = INFO = autoreload = C:\Users\user\PycharmProjects\pythonProject3_12\DZ\project_34\project\settings.py changed, reloading.
2025-05-28 14:12:58,116 = INFO = autoreload = Watching for file changes with StatReloader
2025-05-28 14:13:08,467 = WARNING = log = Not Found: /news/18
2025-05-28 14:13:08,467 = WARNING = basehttp = "GET /news/18 HTTP/1.1" 404 179
2025-05-28 14:13:13,242 = INFO = basehttp = "GET /news/1 HTTP/1.1" 200 6715
04.06.2025 : 12-45-27 = INFO = autoreload = Watching for file changes with StatReloader
04.06.2025 : 12-45-30 = INFO = basehttp = "GET / HTTP/1.1" 200 1679
04.06.2025 : 12-45-54 = INFO = basehttp = "GET /news/ HTTP/1.1" 200 10271
04.06.2025 : 12-45-59 = INFO = basehttp = "GET /news/create/ HTTP/1.1" 200 7610
04.06.2025 : 12-46-12 = INFO = basehttp = "POST /news/create/ HTTP/1.1" 302 0
04.06.2025 : 12-46-12 = INFO = basehttp = "GET /news/ HTTP/1.1" 200 10289
04.06.2025 : 12-46-20 = INFO = basehttp = "GET / HTTP/1.1" 200 1596
04.06.2025 : 17-10-32 = INFO = autoreload = Watching for file changes with StatReloader
04.06.2025 : 17-10-43 = INFO = basehttp = "GET /news/ HTTP/1.1" 200 10289
04.06.2025 : 17-10-51 = INFO = basehttp = "GET /news/prob/ HTTP/1.1" 200 4
04.06.2025 : 17-11-34 = INFO = autoreload = C:\Users\user\PycharmProjects\pythonProject3_12\DZ\project_35\news\views.py changed, reloading.
04.06.2025 : 17-11-36 = INFO = autoreload = Watching for file changes with StatReloader
04.06.2025 : 17-11-43 = INFO = basehttp = "GET /news/prob/ HTTP/1.1" 200 18
04.06.2025 : 17-13-58 = INFO = autoreload = C:\Users\user\PycharmProjects\pythonProject3_12\DZ\project_35\project\settings.py changed, reloading.
04.06.2025 : 17-14-01 = INFO = autoreload = Watching for file changes with StatReloader
04.06.2025 : 17-14-03 = INFO = basehttp = "GET /news/prob/ HTTP/1.1" 200 18
04.06.2025 : 17-14-04 = INFO = basehttp = "GET /news/prob/ HTTP/1.1" 200 18
04.06.2025 : 17-14-20 = INFO = basehttp = "GET /news/prob/ HTTP/1.1" 200 18
04.06.2025 : 17-15-08 = INFO = basehttp = "GET /news/prob/ HTTP/1.1" 200 18
04.06.2025 : 17-15-09 = INFO = basehttp = "GET /news/prob/ HTTP/1.1" 200 18
04.06.2025 : 17-15-10 = INFO = basehttp = "GET /news/prob/ HTTP/1.1" 200 18
04.06.2025 : 17-15-24 = INFO = autoreload = Watching for file changes with StatReloader
04.06.2025 : 17-16-12 = INFO = autoreload = Watching for file changes with StatReloader
04.06.2025 : 17-16-19 = INFO = basehttp = "GET /news/prob/ HTTP/1.1" 200 18
04.06.2025 : 17-16-20 = INFO = basehttp = "GET /news/prob/ HTTP/1.1" 200 18
04.06.2025 : 17-19-19 = INFO = autoreload = Watching for file changes with StatReloader
04.06.2025 : 17-19-26 = INFO = basehttp = "GET /news/prob/ HTTP/1.1" 200 18
04.06.2025 : 17-19-27 = INFO = basehttp = "GET /news/prob/ HTTP/1.1" 200 18
04.06.2025 : 17-40-30 = INFO = autoreload = C:\Users\user\PycharmProjects\pythonProject3_12\DZ\project_35\project\urls.py changed, reloading.
04.06.2025 : 17-40-31 = INFO = autoreload = Watching for file changes with StatReloader
04.06.2025 : 17-40-51 = INFO = autoreload = C:\Users\user\PycharmProjects\pythonProject3_12\DZ\project_35\project\urls.py changed, reloading.
04.06.2025 : 17-40-53 = INFO = autoreload = Watching for file changes with StatReloader
04.06.2025 : 17-41-01 = INFO = basehttp = "GET /news/prob/ HTTP/1.1" 200 18
04.06.2025 : 17-41-30 = WARNING = log = Not Found: /i18n/
04.06.2025 : 17-41-30 = WARNING = basehttp = "GET /i18n/ HTTP/1.1" 404 179
04.06.2025 : 17-47-43 = INFO = autoreload = C:\Users\user\PycharmProjects\pythonProject3_12\DZ\project_35\news\views.py changed, reloading.
04.06.2025 : 17-47-45 = INFO = autoreload = Watching for file changes with StatReloader
04.06.2025 : 17-48-08 = INFO = autoreload = C:\Users\user\PycharmProjects\pythonProject3_12\DZ\project_35\news\views.py changed, reloading.
04.06.2025 : 17-48-10 = INFO = autoreload = Watching for file changes with StatReloader
04.06.2025 : 17-48-22 = INFO = autoreload = C:\Users\user\PycharmProjects\pythonProject3_12\DZ\project_35\news\views.py changed, reloading.
04.06.2025 : 17-48-24 = INFO = autoreload = Watching for file changes with StatReloader
04.06.2025 : 17-48-46 = INFO = autoreload = C:\Users\user\PycharmProjects\pythonProject3_12\DZ\project_35\news\views.py changed, reloading.
04.06.2025 : 17-48-48 = INFO = autoreload = Watching for file changes with StatReloader
04.06.2025 : 17-49-30 = INFO = autoreload = C:\Users\user\PycharmProjects\pythonProject3_12\DZ\project_35\news\views.py changed, reloading.
04.06.2025 : 17-49-32 = INFO = autoreload = Watching for file changes with StatReloader
04.06.2025 : 17-49-54 = INFO = autoreload = C:\Users\user\PycharmProjects\pythonProject3_12\DZ\project_35\news\views.py changed, reloading.
04.06.2025 : 17-49-56 = INFO = autoreload = Watching for file changes with StatReloader
04.06.2025 : 17-50-34 = WARNING = log = Not Found: /proba/
04.06.2025 : 17-50-34 = WARNING = basehttp = "GET /proba/ HTTP/1.1" 404 179
04.06.2025 : 17-50-55 = INFO = autoreload = C:\Users\user\PycharmProjects\pythonProject3_12\DZ\project_35\news\views.py changed, reloading.
04.06.2025 : 17-50-57 = INFO = autoreload = Watching for file changes with StatReloader
04.06.2025 : 17-51-03 = WARNING = log = Not Found: /proba/
04.06.2025 : 17-51-03 = WARNING = basehttp = "GET /proba/ HTTP/1.1" 404 179
04.06.2025 : 17-51-08 = WARNING = log = Not Found: /prob/
04.06.2025 : 17-51-08 = WARNING = basehttp = "GET /prob/ HTTP/1.1" 404 179
04.06.2025 : 17-51-48 = INFO = basehttp = "GET /news/prob/ HTTP/1.1" 200 18
04.06.2025 : 17-52-28 = INFO = autoreload = C:\Users\user\PycharmProjects\pythonProject3_12\DZ\project_35\news\views.py changed, reloading.
04.06.2025 : 17-56-05 = INFO = autoreload = Watching for file changes with StatReloader
04.06.2025 : 17-58-16 = INFO = autoreload = C:\Users\user\PycharmProjects\pythonProject3_12\DZ\project_35\project\urls.py changed, reloading.
04.06.2025 : 17-58-18 = INFO = autoreload = Watching for file changes with StatReloader
04.06.2025 : 17-58-25 = INFO = autoreload = Watching for file changes with StatReloader
04.06.2025 : 17-58-33 = ERROR = log = Internal Server Error: /news/prob/
Traceback (most recent call last):
  File "C:\Users\user\PycharmProjects\pythonProject3_12\.venv\Lib\site-packages\django\core\handlers\exception.py", line 55, in inner
    response = get_response(request)
               ^^^^^^^^^^^^^^^^^^^^^
  File "C:\Users\user\PycharmProjects\pythonProject3_12\.venv\Lib\site-packages\django\core\handlers\base.py", line 197, in _get_response
    response = wrapped_callback(request, *callback_args, **callback_kwargs)
               ^^^^^^^^^^^^^^^^^^^^^^^^^^^^^^^^^^^^^^^^^^^^^^^^^^^^^^^^^^^^
  File "C:\Users\user\PycharmProjects\pythonProject3_12\.venv\Lib\site-packages\django\views\generic\base.py", line 104, in view
    return self.dispatch(request, *args, **kwargs)
           ^^^^^^^^^^^^^^^^^^^^^^^^^^^^^^^^^^^^^^^
  File "C:\Users\user\PycharmProjects\pythonProject3_12\.venv\Lib\site-packages\django\views\generic\base.py", line 143, in dispatch
    return handler(request, *args, **kwargs)
           ^^^^^^^^^^^^^^^^^^^^^^^^^^^^^^^^^
  File "C:\Users\user\PycharmProjects\pythonProject3_12\dz\project_35\news\views.py", line 222, in get
    return HttpResponse(render(request,'index.html',context))
                        ^^^^^^^^^^^^^^^^^^^^^^^^^^^^^^^^^^^^
  File "C:\Users\user\PycharmProjects\pythonProject3_12\.venv\Lib\site-packages\django\shortcuts.py", line 25, in render
    content = loader.render_to_string(template_name, context, request, using=using)
              ^^^^^^^^^^^^^^^^^^^^^^^^^^^^^^^^^^^^^^^^^^^^^^^^^^^^^^^^^^^^^^^^^^^^^
  File "C:\Users\user\PycharmProjects\pythonProject3_12\.venv\Lib\site-packages\django\template\loader.py", line 61, in render_to_string
    template = get_template(template_name, using=using)
               ^^^^^^^^^^^^^^^^^^^^^^^^^^^^^^^^^^^^^^^^
  File "C:\Users\user\PycharmProjects\pythonProject3_12\.venv\Lib\site-packages\django\template\loader.py", line 19, in get_template
    raise TemplateDoesNotExist(template_name, chain=chain)
django.template.exceptions.TemplateDoesNotExist: index.html
04.06.2025 : 17-58-33 = ERROR = basehttp = "GET /news/prob/ HTTP/1.1" 500 145
04.06.2025 : 17-58-53 = INFO = basehttp = "GET /news/ HTTP/1.1" 200 10289
04.06.2025 : 17-59-00 = INFO = basehttp = "GET /news/prob/ HTTP/1.1" 200 18
04.06.2025 : 17-59-12 = INFO = basehttp = "GET /news/prob/ HTTP/1.1" 200 18
04.06.2025 : 17-59-31 = INFO = autoreload = C:\Users\user\PycharmProjects\pythonProject3_12\DZ\project_35\news\views.py changed, reloading.
04.06.2025 : 17-59-32 = INFO = autoreload = Watching for file changes with StatReloader
04.06.2025 : 17-59-38 = ERROR = log = Internal Server Error: /news/prob/
Traceback (most recent call last):
  File "C:\Users\user\PycharmProjects\pythonProject3_12\.venv\Lib\site-packages\django\core\handlers\exception.py", line 55, in inner
    response = get_response(request)
               ^^^^^^^^^^^^^^^^^^^^^
  File "C:\Users\user\PycharmProjects\pythonProject3_12\.venv\Lib\site-packages\django\core\handlers\base.py", line 197, in _get_response
    response = wrapped_callback(request, *callback_args, **callback_kwargs)
               ^^^^^^^^^^^^^^^^^^^^^^^^^^^^^^^^^^^^^^^^^^^^^^^^^^^^^^^^^^^^
  File "C:\Users\user\PycharmProjects\pythonProject3_12\.venv\Lib\site-packages\django\views\generic\base.py", line 104, in view
    return self.dispatch(request, *args, **kwargs)
           ^^^^^^^^^^^^^^^^^^^^^^^^^^^^^^^^^^^^^^^
  File "C:\Users\user\PycharmProjects\pythonProject3_12\.venv\Lib\site-packages\django\views\generic\base.py", line 143, in dispatch
    return handler(request, *args, **kwargs)
           ^^^^^^^^^^^^^^^^^^^^^^^^^^^^^^^^^
  File "C:\Users\user\PycharmProjects\pythonProject3_12\dz\project_35\news\views.py", line 222, in get
    return HttpResponse(render(request,'index.html',context))
                        ^^^^^^^^^^^^^^^^^^^^^^^^^^^^^^^^^^^^
  File "C:\Users\user\PycharmProjects\pythonProject3_12\.venv\Lib\site-packages\django\shortcuts.py", line 25, in render
    content = loader.render_to_string(template_name, context, request, using=using)
              ^^^^^^^^^^^^^^^^^^^^^^^^^^^^^^^^^^^^^^^^^^^^^^^^^^^^^^^^^^^^^^^^^^^^^
  File "C:\Users\user\PycharmProjects\pythonProject3_12\.venv\Lib\site-packages\django\template\loader.py", line 61, in render_to_string
    template = get_template(template_name, using=using)
               ^^^^^^^^^^^^^^^^^^^^^^^^^^^^^^^^^^^^^^^^
  File "C:\Users\user\PycharmProjects\pythonProject3_12\.venv\Lib\site-packages\django\template\loader.py", line 19, in get_template
    raise TemplateDoesNotExist(template_name, chain=chain)
django.template.exceptions.TemplateDoesNotExist: index.html
04.06.2025 : 17-59-38 = ERROR = basehttp = "GET /news/prob/ HTTP/1.1" 500 145
04.06.2025 : 18-00-24 = INFO = autoreload = Watching for file changes with StatReloader
04.06.2025 : 18-00-27 = INFO = basehttp = "GET /news/prob/ HTTP/1.1" 200 22
04.06.2025 : 18-00-29 = INFO = basehttp = "GET /news/prob/ HTTP/1.1" 200 22
04.06.2025 : 18-02-47 = INFO = autoreload = Watching for file changes with StatReloader
04.06.2025 : 18-02-51 = INFO = basehttp = "GET /news/prob/ HTTP/1.1" 200 22
04.06.2025 : 18-04-28 = INFO = autoreload = C:\Users\user\PycharmProjects\pythonProject3_12\DZ\project_35\news\views.py changed, reloading.
04.06.2025 : 18-04-30 = INFO = autoreload = Watching for file changes with StatReloader
05.06.2025 : 23-08-17 = INFO = autoreload = Watching for file changes with StatReloader
05.06.2025 : 23-08-21 = INFO = basehttp = "GET /news/prob/ HTTP/1.1" 200 22
05.06.2025 : 23-08-23 = INFO = basehttp = "GET /news/prob/ HTTP/1.1" 200 22
05.06.2025 : 23-08-28 = INFO = basehttp = "GET /news/ HTTP/1.1" 200 10289
05.06.2025 : 23-09-34 = INFO = basehttp = "GET /news/prob/ HTTP/1.1" 200 22
05.06.2025 : 23-09-40 = INFO = basehttp = "GET /news/ HTTP/1.1" 200 10289
05.06.2025 : 23-10-45 = INFO = autoreload = Watching for file changes with StatReloader
05.06.2025 : 23-15-13 = INFO = autoreload = C:\Users\user\PycharmProjects\pythonProject3_12\DZ\project_35\project\settings.py changed, reloading.
05.06.2025 : 23-15-15 = INFO = autoreload = Watching for file changes with StatReloader
05.06.2025 : 23-19-18 = INFO = basehttp = "GET /news/ HTTP/1.1" 200 10289
05.06.2025 : 23-19-18 = WARNING = log = Not Found: /static/css/styles.css
05.06.2025 : 23-19-18 = WARNING = basehttp = "GET /static/css/styles.css HTTP/1.1" 404 179
05.06.2025 : 23-19-31 = INFO = basehttp = "GET /news/prob/ HTTP/1.1" 200 22
05.06.2025 : 23-19-44 = INFO = basehttp = "GET /news/ HTTP/1.1" 200 10289
05.06.2025 : 23-19-44 = WARNING = log = Not Found: /static/css/styles.css
05.06.2025 : 23-19-44 = WARNING = basehttp = "GET /static/css/styles.css HTTP/1.1" 404 179
05.06.2025 : 23-22-10 = INFO = autoreload = Watching for file changes with StatReloader
05.06.2025 : 23-22-14 = INFO = basehttp = "GET /news/prob/ HTTP/1.1" 200 22
05.06.2025 : 23-22-16 = INFO = basehttp = "GET /news/prob/ HTTP/1.1" 200 22
05.06.2025 : 23-22-23 = INFO = basehttp = "GET /news/ HTTP/1.1" 200 10289
05.06.2025 : 23-24-01 = INFO = autoreload = Watching for file changes with StatReloader
05.06.2025 : 23-24-04 = INFO = basehttp = "GET /news/prob/ HTTP/1.1" 200 24
05.06.2025 : 23-24-05 = INFO = basehttp = "GET /news/prob/ HTTP/1.1" 200 24
05.06.2025 : 23-27-14 = INFO = autoreload = C:\Users\user\PycharmProjects\pythonProject3_12\DZ\project_35\project\settings.py changed, reloading.
05.06.2025 : 23-27-16 = INFO = autoreload = Watching for file changes with StatReloader
05.06.2025 : 23-36-41 = INFO = autoreload = C:\Users\user\PycharmProjects\pythonProject3_12\DZ\project_35\project\settings.py changed, reloading.
05.06.2025 : 23-37-56 = INFO = autoreload = Watching for file changes with StatReloader
05.06.2025 : 23-38-01 = INFO = basehttp = "GET /news/prob/ HTTP/1.1" 200 24
05.06.2025 : 23-38-59 = INFO = autoreload = Watching for file changes with StatReloader
05.06.2025 : 23-39-03 = INFO = basehttp = "GET /news/ HTTP/1.1" 200 10289
06.06.2025 : 16-55-25 = INFO = autoreload = Watching for file changes with StatReloader
06.06.2025 : 16-55-33 = INFO = basehttp = "GET /news/prob/ HTTP/1.1" 200 24
06.06.2025 : 16-55-33 = WARNING = log = Not Found: /favicon.ico
06.06.2025 : 16-55-33 = INFO = basehttp = - Broken pipe from ('127.0.0.1', 54344)
06.06.2025 : 18-51-15 = INFO = autoreload = C:\Users\user\PycharmProjects\pythonProject3_12\DZ\project_35\project\settings.py changed, reloading.
06.06.2025 : 18-51-18 = INFO = autoreload = Watching for file changes with StatReloader
06.06.2025 : 18-54-00 = INFO = autoreload = Watching for file changes with StatReloader
06.06.2025 : 18-54-08 = INFO = basehttp = "GET /news/prob/ HTTP/1.1" 200 24
06.06.2025 : 18-54-09 = INFO = basehttp = "GET /news/prob/ HTTP/1.1" 200 24
06.06.2025 : 19-33-08 = INFO = autoreload = Watching for file changes with StatReloader
06.06.2025 : 19-33-19 = INFO = basehttp = "GET /news/prob/ HTTP/1.1" 200 24
06.06.2025 : 19-33-19 = WARNING = log = Not Found: /favicon.ico
06.06.2025 : 19-33-19 = WARNING = basehttp = "GET /favicon.ico HTTP/1.1" 404 179
07.06.2025 : 09-48-35 = INFO = autoreload = C:\Users\user\PycharmProjects\pythonProject3_12\DZ\project_35\news\views.py changed, reloading.
07.06.2025 : 09-48-37 = INFO = autoreload = Watching for file changes with StatReloader
07.06.2025 : 10-26-21 = INFO = autoreload = C:\Users\user\PycharmProjects\pythonProject3_12\DZ\project_35\project\urls.py changed, reloading.
07.06.2025 : 10-26-23 = INFO = autoreload = Watching for file changes with StatReloader
07.06.2025 : 10-26-46 = INFO = autoreload = C:\Users\user\PycharmProjects\pythonProject3_12\DZ\project_35\project\urls.py changed, reloading.
07.06.2025 : 10-26-48 = INFO = autoreload = Watching for file changes with StatReloader
07.06.2025 : 10-28-42 = INFO = autoreload = C:\Users\user\PycharmProjects\pythonProject3_12\DZ\project_35\project\urls.py changed, reloading.
07.06.2025 : 10-28-44 = INFO = autoreload = Watching for file changes with StatReloader
07.06.2025 : 10-34-51 = INFO = autoreload = C:\Users\user\PycharmProjects\pythonProject3_12\DZ\project_35\news\urls_news.py changed, reloading.
07.06.2025 : 10-34-53 = INFO = autoreload = Watching for file changes with StatReloader
07.06.2025 : 10-39-22 = INFO = autoreload = Watching for file changes with StatReloader
07.06.2025 : 10-41-23 = INFO = autoreload = Watching for file changes with StatReloader
07.06.2025 : 10-41-29 = INFO = basehttp = "GET /news/prob/ HTTP/1.1" 200 24
07.06.2025 : 10-41-30 = INFO = basehttp = "GET /news/prob/ HTTP/1.1" 200 24
07.06.2025 : 10-41-34 = INFO = basehttp = "GET /news/ HTTP/1.1" 200 10289
07.06.2025 : 10-57-09 = INFO = autoreload = C:\Users\user\PycharmProjects\pythonProject3_12\DZ\project_35\news\views.py changed, reloading.
07.06.2025 : 10-57-11 = INFO = autoreload = Watching for file changes with StatReloader
07.06.2025 : 10-59-21 = INFO = autoreload = C:\Users\user\PycharmProjects\pythonProject3_12\DZ\project_35\news\views.py changed, reloading.
07.06.2025 : 10-59-23 = INFO = autoreload = Watching for file changes with StatReloader
07.06.2025 : 10-59-35 = INFO = autoreload = C:\Users\user\PycharmProjects\pythonProject3_12\DZ\project_35\news\views.py changed, reloading.
07.06.2025 : 10-59-37 = INFO = autoreload = Watching for file changes with StatReloader
07.06.2025 : 10-59-54 = INFO = autoreload = C:\Users\user\PycharmProjects\pythonProject3_12\DZ\project_35\news\views.py changed, reloading.
07.06.2025 : 10-59-57 = INFO = autoreload = Watching for file changes with StatReloader
07.06.2025 : 11-00-14 = INFO = autoreload = C:\Users\user\PycharmProjects\pythonProject3_12\DZ\project_35\news\views.py changed, reloading.
07.06.2025 : 11-00-16 = INFO = autoreload = Watching for file changes with StatReloader
07.06.2025 : 11-00-46 = INFO = autoreload = C:\Users\user\PycharmProjects\pythonProject3_12\DZ\project_35\news\views.py changed, reloading.
07.06.2025 : 11-00-49 = INFO = autoreload = Watching for file changes with StatReloader
07.06.2025 : 11-04-38 = INFO = autoreload = C:\Users\user\PycharmProjects\pythonProject3_12\DZ\project_35\project\settings.py changed, reloading.
07.06.2025 : 11-04-40 = INFO = autoreload = Watching for file changes with StatReloader
07.06.2025 : 11-05-34 = INFO = autoreload = C:\Users\user\PycharmProjects\pythonProject3_12\DZ\project_35\project\settings.py changed, reloading.
07.06.2025 : 11-05-36 = INFO = autoreload = Watching for file changes with StatReloader
07.06.2025 : 11-07-00 = INFO = autoreload = C:\Users\user\PycharmProjects\pythonProject3_12\DZ\project_35\project\settings.py changed, reloading.
07.06.2025 : 11-07-02 = INFO = autoreload = Watching for file changes with StatReloader
07.06.2025 : 11-13-12 = INFO = autoreload = Watching for file changes with StatReloader
07.06.2025 : 11-13-58 = INFO = autoreload = C:\Users\user\PycharmProjects\pythonProject3_12\DZ\project_35\news\views.py changed, reloading.
07.06.2025 : 11-14-00 = INFO = autoreload = Watching for file changes with StatReloader
07.06.2025 : 11-14-12 = INFO = basehttp = "GET /news/ HTTP/1.1" 200 10289
07.06.2025 : 11-14-17 = INFO = basehttp = "GET /news/prob/ HTTP/1.1" 200 916
07.06.2025 : 11-14-29 = WARNING = log = Not Found: /news/prob/ru/
07.06.2025 : 11-14-29 = WARNING = basehttp = "GET /news/prob/ru/ HTTP/1.1" 404 179
07.06.2025 : 11-14-42 = INFO = basehttp = "POST /i18n/setlang/ HTTP/1.1" 302 0
07.06.2025 : 11-14-42 = INFO = basehttp = "GET /news/prob/ HTTP/1.1" 200 916
07.06.2025 : 11-19-51 = INFO = basehttp = "GET /news/prob/ HTTP/1.1" 200 920
07.06.2025 : 11-19-53 = INFO = basehttp = "POST /i18n/setlang/ HTTP/1.1" 302 0
07.06.2025 : 11-19-53 = INFO = basehttp = "GET /news/prob/ HTTP/1.1" 200 920
07.06.2025 : 11-19-56 = INFO = basehttp = "POST /i18n/setlang/ HTTP/1.1" 302 0
07.06.2025 : 11-19-56 = INFO = basehttp = "GET /news/prob/ HTTP/1.1" 200 920
07.06.2025 : 11-20-01 = INFO = basehttp = "POST /i18n/setlang/ HTTP/1.1" 302 0
07.06.2025 : 11-20-01 = INFO = basehttp = "GET /news/prob/ HTTP/1.1" 200 920
07.06.2025 : 11-20-02 = INFO = basehttp = "POST /i18n/setlang/ HTTP/1.1" 302 0
07.06.2025 : 11-20-02 = INFO = basehttp = "GET /news/prob/ HTTP/1.1" 200 920
07.06.2025 : 11-20-02 = INFO = basehttp = "POST /i18n/setlang/ HTTP/1.1" 302 0
07.06.2025 : 11-20-02 = INFO = basehttp = "GET /news/prob/ HTTP/1.1" 200 920
07.06.2025 : 11-20-03 = INFO = basehttp = "POST /i18n/setlang/ HTTP/1.1" 302 0
07.06.2025 : 11-20-03 = INFO = basehttp = "GET /news/prob/ HTTP/1.1" 200 920
07.06.2025 : 11-20-03 = INFO = basehttp = "POST /i18n/setlang/ HTTP/1.1" 302 0
07.06.2025 : 11-20-03 = INFO = basehttp = "GET /news/prob/ HTTP/1.1" 200 920
07.06.2025 : 11-20-04 = INFO = basehttp = "POST /i18n/setlang/ HTTP/1.1" 302 0
07.06.2025 : 11-20-04 = INFO = basehttp = "GET /news/prob/ HTTP/1.1" 200 920
07.06.2025 : 11-20-04 = INFO = basehttp = "POST /i18n/setlang/ HTTP/1.1" 302 0
07.06.2025 : 11-20-04 = INFO = basehttp = "GET /news/prob/ HTTP/1.1" 200 920
07.06.2025 : 11-25-19 = INFO = basehttp = "GET /news/prob/ HTTP/1.1" 200 922
07.06.2025 : 11-25-32 = INFO = basehttp = "POST /i18n/setlang/ HTTP/1.1" 302 0
07.06.2025 : 11-25-32 = INFO = basehttp = "GET /news/prob/ HTTP/1.1" 200 922
07.06.2025 : 11-25-33 = INFO = basehttp = "POST /i18n/setlang/ HTTP/1.1" 302 0
07.06.2025 : 11-25-33 = INFO = basehttp = "GET /news/prob/ HTTP/1.1" 200 922
07.06.2025 : 11-25-33 = INFO = basehttp = "POST /i18n/setlang/ HTTP/1.1" 302 0
07.06.2025 : 11-25-33 = INFO = basehttp = "GET /news/prob/ HTTP/1.1" 200 922
07.06.2025 : 11-25-34 = INFO = basehttp = "POST /i18n/setlang/ HTTP/1.1" 302 0
07.06.2025 : 11-25-34 = INFO = basehttp = "GET /news/prob/ HTTP/1.1" 200 922
07.06.2025 : 11-25-34 = INFO = basehttp = "POST /i18n/setlang/ HTTP/1.1" 302 0
07.06.2025 : 11-25-34 = INFO = basehttp = "GET /news/prob/ HTTP/1.1" 200 922
07.06.2025 : 11-26-49 = INFO = basehttp = "GET /news/prob/ HTTP/1.1" 200 922
07.06.2025 : 11-26-56 = INFO = basehttp = "POST /i18n/setlang/ HTTP/1.1" 302 0
07.06.2025 : 11-26-56 = INFO = basehttp = "GET /news/prob/ HTTP/1.1" 200 922
07.06.2025 : 11-26-57 = INFO = basehttp = "POST /i18n/setlang/ HTTP/1.1" 302 0
07.06.2025 : 11-26-57 = INFO = basehttp = "GET /news/prob/ HTTP/1.1" 200 922
07.06.2025 : 11-27-12 = INFO = basehttp = "GET /news/prob/ HTTP/1.1" 200 922
07.06.2025 : 11-27-13 = INFO = basehttp = "GET /news/prob/ HTTP/1.1" 200 922
07.06.2025 : 11-27-14 = INFO = basehttp = "GET /news/prob/ HTTP/1.1" 200 922
07.06.2025 : 11-27-14 = INFO = basehttp = "GET /news/prob/ HTTP/1.1" 200 922
07.06.2025 : 11-27-14 = INFO = basehttp = "GET /news/prob/ HTTP/1.1" 200 922
07.06.2025 : 11-27-24 = INFO = basehttp = "GET / HTTP/1.1" 200 1679
07.06.2025 : 11-27-24 = WARNING = log = Not Found: /favicon.ico
07.06.2025 : 11-27-24 = INFO = basehttp = - Broken pipe from ('127.0.0.1', 52367)
07.06.2025 : 11-27-37 = INFO = basehttp = "GET /news/prob/ HTTP/1.1" 200 918
07.06.2025 : 11-27-44 = INFO = basehttp = "POST /i18n/setlang/ HTTP/1.1" 302 0
07.06.2025 : 11-27-44 = INFO = basehttp = "GET /news/prob/ HTTP/1.1" 200 918
07.06.2025 : 11-27-45 = INFO = basehttp = "POST /i18n/setlang/ HTTP/1.1" 302 0
07.06.2025 : 11-27-45 = INFO = basehttp = "GET /news/prob/ HTTP/1.1" 200 918
07.06.2025 : 11-34-55 = INFO = autoreload = C:\Users\user\PycharmProjects\pythonProject3_12\DZ\project_35\news\views.py changed, reloading.
07.06.2025 : 11-34-57 = INFO = autoreload = Watching for file changes with StatReloader
07.06.2025 : 11-35-20 = INFO = autoreload = C:\Users\user\PycharmProjects\pythonProject3_12\DZ\project_35\news\views.py changed, reloading.
07.06.2025 : 11-35-22 = INFO = autoreload = Watching for file changes with StatReloader
07.06.2025 : 11-36-09 = INFO = autoreload = C:\Users\user\PycharmProjects\pythonProject3_12\DZ\project_35\news\views.py changed, reloading.
07.06.2025 : 11-36-11 = INFO = autoreload = Watching for file changes with StatReloader
07.06.2025 : 11-36-49 = INFO = autoreload = C:\Users\user\PycharmProjects\pythonProject3_12\DZ\project_35\news\urls_news.py changed, reloading.
07.06.2025 : 11-36-51 = INFO = autoreload = Watching for file changes with StatReloader
07.06.2025 : 11-37-15 = INFO = autoreload = C:\Users\user\PycharmProjects\pythonProject3_12\DZ\project_35\news\urls_news.py changed, reloading.
07.06.2025 : 11-37-17 = INFO = autoreload = Watching for file changes with StatReloader
07.06.2025 : 11-40-36 = INFO = basehttp = "POST /i18n/setlang/ HTTP/1.1" 302 0
07.06.2025 : 11-40-36 = INFO = basehttp = "GET /news/prob/ HTTP/1.1" 200 918
07.06.2025 : 11-40-37 = INFO = basehttp = "POST /i18n/setlang/ HTTP/1.1" 302 0
07.06.2025 : 11-40-37 = INFO = basehttp = "GET /news/prob/ HTTP/1.1" 200 918
07.06.2025 : 11-40-38 = INFO = basehttp = "POST /i18n/setlang/ HTTP/1.1" 302 0
07.06.2025 : 11-40-38 = INFO = basehttp = "GET /news/prob/ HTTP/1.1" 200 918
07.06.2025 : 11-40-38 = INFO = basehttp = "POST /i18n/setlang/ HTTP/1.1" 302 0
07.06.2025 : 11-40-38 = INFO = basehttp = "GET /news/prob/ HTTP/1.1" 200 918
